[2025-11-10 15:21:08] Tentativa de login | Data: {"username":"admin","empresa_id":"5","password_length":8}
[2025-11-10 15:21:08] SQL preparado | Data: SELECT u.*, e.razao_social, e.cnpj, e.regime_tributario 
                    FROM gestao_usuarios u 
                    INNER JOIN gestao_user_empresa ue ON u.id = ue.user_id 
                    INNER JOIN gestao_empresas e ON ue.empresa_id = e.id 
                    WHERE u.username = ? AND u.ativo = 1 AND e.id = ?
[2025-11-10 15:21:08] Resultado da consulta | Data: {"num_rows":1,"error":""}
[2025-11-10 15:21:08] Usuário encontrado | Data: {"id":2,"username":"admin","nivel_acesso":"admin","password_hash":"$2y$10$92IXUNpkjO0rO..."}
[2025-11-10 15:21:09] Verificação de senha | Data: {"senha_correta":false,"password_provided":"admin123"}
[2025-11-10 15:21:09] Senha incorreta
[2025-11-10 15:21:09] Busca de empresas | Data: {"num_empresas":2,"error":""}
[2025-11-10 15:21:09] Verificação de tabelas | Data: {"gestao_usuarios":true,"gestao_empresas":true,"gestao_user_empresa":true}
[2025-11-10 15:21:20] Tentativa de login | Data: {"username":"admin","empresa_id":"5","password_length":8}
[2025-11-10 15:21:20] SQL preparado | Data: SELECT u.*, e.razao_social, e.cnpj, e.regime_tributario 
                    FROM gestao_usuarios u 
                    INNER JOIN gestao_user_empresa ue ON u.id = ue.user_id 
                    INNER JOIN gestao_empresas e ON ue.empresa_id = e.id 
                    WHERE u.username = ? AND u.ativo = 1 AND e.id = ?
[2025-11-10 15:21:20] Resultado da consulta | Data: {"num_rows":1,"error":""}
[2025-11-10 15:21:20] Usuário encontrado | Data: {"id":2,"username":"admin","nivel_acesso":"admin","password_hash":"$2y$10$92IXUNpkjO0rO..."}
[2025-11-10 15:21:20] Verificação de senha | Data: {"senha_correta":false,"password_provided":"admin123"}
[2025-11-10 15:21:20] Senha incorreta
[2025-11-10 15:21:20] Busca de empresas | Data: {"num_empresas":2,"error":""}
[2025-11-10 15:21:20] Verificação de tabelas | Data: {"gestao_usuarios":true,"gestao_empresas":true,"gestao_user_empresa":true}
[2025-11-10 15:22:20] Tentativa de login | Data: {"username":"admin","empresa_id":"5","password_length":5}
[2025-11-10 15:22:20] SQL preparado | Data: SELECT u.*, e.razao_social, e.cnpj, e.regime_tributario 
                    FROM gestao_usuarios u 
                    INNER JOIN gestao_user_empresa ue ON u.id = ue.user_id 
                    INNER JOIN gestao_empresas e ON ue.empresa_id = e.id 
                    WHERE u.username = ? AND u.ativo = 1 AND e.id = ?
[2025-11-10 15:22:20] Resultado da consulta | Data: {"num_rows":1,"error":""}
[2025-11-10 15:22:20] Usuário encontrado | Data: {"id":2,"username":"admin","nivel_acesso":"admin","password_hash":"$2y$10$92IXUNpkjO0rO..."}
[2025-11-10 15:22:20] Verificação de senha | Data: {"senha_correta":false,"password_provided":"admin"}
[2025-11-10 15:22:20] Senha incorreta
[2025-11-10 15:22:20] Busca de empresas | Data: {"num_empresas":2,"error":""}
[2025-11-10 15:22:20] Verificação de tabelas | Data: {"gestao_usuarios":true,"gestao_empresas":true,"gestao_user_empresa":true}
[2025-11-10 15:22:27] Tentativa de login | Data: {"username":"admin","empresa_id":"5","password_length":8}
[2025-11-10 15:22:27] SQL preparado | Data: SELECT u.*, e.razao_social, e.cnpj, e.regime_tributario 
                    FROM gestao_usuarios u 
                    INNER JOIN gestao_user_empresa ue ON u.id = ue.user_id 
                    INNER JOIN gestao_empresas e ON ue.empresa_id = e.id 
                    WHERE u.username = ? AND u.ativo = 1 AND e.id = ?
[2025-11-10 15:22:27] Resultado da consulta | Data: {"num_rows":1,"error":""}
[2025-11-10 15:22:27] Usuário encontrado | Data: {"id":2,"username":"admin","nivel_acesso":"admin","password_hash":"$2y$10$92IXUNpkjO0rO..."}
[2025-11-10 15:22:27] Verificação de senha | Data: {"senha_correta":false,"password_provided":"admin321"}
[2025-11-10 15:22:27] Senha incorreta
[2025-11-10 15:22:27] Busca de empresas | Data: {"num_empresas":2,"error":""}
[2025-11-10 15:22:27] Verificação de tabelas | Data: {"gestao_usuarios":true,"gestao_empresas":true,"gestao_user_empresa":true}
[2025-11-10 15:30:49] Tentativa de login | Data: {"username":"admin","empresa_id":"5","password_length":8}
[2025-11-10 15:30:49] SQL preparado | Data: SELECT u.*, e.razao_social, e.cnpj, e.regime_tributario 
                    FROM gestao_usuarios u 
                    INNER JOIN gestao_user_empresa ue ON u.id = ue.user_id 
                    INNER JOIN gestao_empresas e ON ue.empresa_id = e.id 
                    WHERE u.username = ? AND u.ativo = 1 AND e.id = ?
[2025-11-10 15:30:49] Resultado da consulta | Data: {"num_rows":0,"error":""}
[2025-11-10 15:30:49] Usuário não encontrado. Verificando possíveis causas...
[2025-11-10 15:30:49] Usuário sem vínculo com empresa
[2025-11-10 15:30:49] Busca de empresas | Data: {"num_empresas":2,"error":""}
[2025-11-10 15:30:49] Verificação de tabelas | Data: {"gestao_usuarios":true,"gestao_empresas":true,"gestao_user_empresa":true}
[2025-11-10 15:31:01] Tentativa de login | Data: {"username":"admin123","empresa_id":"22","password_length":8}
[2025-11-10 15:31:01] SQL preparado | Data: SELECT u.*, e.razao_social, e.cnpj, e.regime_tributario 
                    FROM gestao_usuarios u 
                    INNER JOIN gestao_user_empresa ue ON u.id = ue.user_id 
                    INNER JOIN gestao_empresas e ON ue.empresa_id = e.id 
                    WHERE u.username = ? AND u.ativo = 1 AND e.id = ?
[2025-11-10 15:31:01] Resultado da consulta | Data: {"num_rows":0,"error":""}
[2025-11-10 15:31:01] Usuário não encontrado. Verificando possíveis causas...
[2025-11-10 15:31:01] Usuário sem vínculo com empresa
[2025-11-10 15:31:01] Busca de empresas | Data: {"num_empresas":2,"error":""}
[2025-11-10 15:31:01] Verificação de tabelas | Data: {"gestao_usuarios":true,"gestao_empresas":true,"gestao_user_empresa":true}
[2025-11-10 15:31:06] Busca de empresas | Data: {"num_empresas":2,"error":""}
[2025-11-10 15:31:06] Verificação de tabelas | Data: {"gestao_usuarios":true,"gestao_empresas":true,"gestao_user_empresa":true}
[2025-11-10 15:43:11] Busca de empresas | Data: {"num_empresas":3,"error":""}
[2025-11-10 15:43:11] Verificação de tabelas | Data: {"gestao_usuarios":true,"gestao_empresas":true,"gestao_user_empresa":true}
[2025-11-10 15:43:20] Tentativa de login | Data: {"username":"admin123","empresa_id":"33","password_length":8}
[2025-11-10 15:43:20] SQL preparado | Data: SELECT u.*, e.razao_social, e.cnpj, e.regime_tributario 
                    FROM gestao_usuarios u 
                    INNER JOIN gestao_user_empresa ue ON u.id = ue.user_id 
                    INNER JOIN gestao_empresas e ON ue.empresa_id = e.id 
                    WHERE u.username = ? AND u.ativo = 1 AND e.id = ?
[2025-11-10 15:43:20] Resultado da consulta | Data: {"num_rows":0,"error":""}
[2025-11-10 15:43:20] Usuário não encontrado. Verificando possíveis causas...
[2025-11-10 15:43:20] Usuário vinculado a outras empresas | Data: [{"user_id":12,"empresa_id":22,"principal":1,"created_at":"2025-11-10 15:42:42","razao_social":"JancoDev Consultoria Ltda"}]
[2025-11-10 15:43:20] Busca de empresas | Data: {"num_empresas":3,"error":""}
[2025-11-10 15:43:20] Verificação de tabelas | Data: {"gestao_usuarios":true,"gestao_empresas":true,"gestao_user_empresa":true}
[2025-11-10 15:43:29] Tentativa de login | Data: {"username":"admin123","empresa_id":"26","password_length":8}
[2025-11-10 15:43:29] SQL preparado | Data: SELECT u.*, e.razao_social, e.cnpj, e.regime_tributario 
                    FROM gestao_usuarios u 
                    INNER JOIN gestao_user_empresa ue ON u.id = ue.user_id 
                    INNER JOIN gestao_empresas e ON ue.empresa_id = e.id 
                    WHERE u.username = ? AND u.ativo = 1 AND e.id = ?
[2025-11-10 15:43:29] Resultado da consulta | Data: {"num_rows":0,"error":""}
[2025-11-10 15:43:29] Usuário não encontrado. Verificando possíveis causas...
[2025-11-10 15:43:29] Usuário vinculado a outras empresas | Data: [{"user_id":12,"empresa_id":22,"principal":1,"created_at":"2025-11-10 15:42:42","razao_social":"JancoDev Consultoria Ltda"}]
[2025-11-10 15:43:29] Busca de empresas | Data: {"num_empresas":3,"error":""}
[2025-11-10 15:43:29] Verificação de tabelas | Data: {"gestao_usuarios":true,"gestao_empresas":true,"gestao_user_empresa":true}
[2025-11-10 15:43:39] Tentativa de login | Data: {"username":"admin123","empresa_id":"22","password_length":8}
[2025-11-10 15:43:39] SQL preparado | Data: SELECT u.*, e.razao_social, e.cnpj, e.regime_tributario 
                    FROM gestao_usuarios u 
                    INNER JOIN gestao_user_empresa ue ON u.id = ue.user_id 
                    INNER JOIN gestao_empresas e ON ue.empresa_id = e.id 
                    WHERE u.username = ? AND u.ativo = 1 AND e.id = ?
[2025-11-10 15:43:39] Resultado da consulta | Data: {"num_rows":1,"error":""}
[2025-11-10 15:43:39] Usuário encontrado | Data: {"id":12,"username":"admin123","nivel_acesso":"admin","password_hash":"$2y$10$92IXUNpkjO0rO..."}
[2025-11-10 15:43:39] Verificação de senha | Data: {"senha_correta":false,"password_provided":"admin123"}
[2025-11-10 15:43:39] Senha incorreta
[2025-11-10 15:43:39] Busca de empresas | Data: {"num_empresas":3,"error":""}
[2025-11-10 15:43:39] Verificação de tabelas | Data: {"gestao_usuarios":true,"gestao_empresas":true,"gestao_user_empresa":true}
[2025-11-10 15:43:54] Tentativa de login | Data: {"username":"admin123","empresa_id":"22","password_length":8}
[2025-11-10 15:43:54] SQL preparado | Data: SELECT u.*, e.razao_social, e.cnpj, e.regime_tributario 
                    FROM gestao_usuarios u 
                    INNER JOIN gestao_user_empresa ue ON u.id = ue.user_id 
                    INNER JOIN gestao_empresas e ON ue.empresa_id = e.id 
                    WHERE u.username = ? AND u.ativo = 1 AND e.id = ?
[2025-11-10 15:43:54] Resultado da consulta | Data: {"num_rows":1,"error":""}
[2025-11-10 15:43:54] Usuário encontrado | Data: {"id":12,"username":"admin123","nivel_acesso":"admin","password_hash":"$2y$10$92IXUNpkjO0rO..."}
[2025-11-10 15:43:54] Verificação de senha | Data: {"senha_correta":false,"password_provided":"admin123"}
[2025-11-10 15:43:54] Senha incorreta
[2025-11-10 15:43:54] Busca de empresas | Data: {"num_empresas":3,"error":""}
[2025-11-10 15:43:54] Verificação de tabelas | Data: {"gestao_usuarios":true,"gestao_empresas":true,"gestao_user_empresa":true}
[2025-11-10 15:44:08] Tentativa de login | Data: {"username":"novousuario","empresa_id":"22","password_length":8}
[2025-11-10 15:44:08] SQL preparado | Data: SELECT u.*, e.razao_social, e.cnpj, e.regime_tributario 
                    FROM gestao_usuarios u 
                    INNER JOIN gestao_user_empresa ue ON u.id = ue.user_id 
                    INNER JOIN gestao_empresas e ON ue.empresa_id = e.id 
                    WHERE u.username = ? AND u.ativo = 1 AND e.id = ?
[2025-11-10 15:44:08] Resultado da consulta | Data: {"num_rows":0,"error":""}
[2025-11-10 15:44:08] Usuário não encontrado. Verificando possíveis causas...
[2025-11-10 15:44:08] Usuário vinculado a outras empresas | Data: [{"user_id":1,"empresa_id":33,"principal":1,"created_at":"2025-11-10 15:39:53","razao_social":"JancoDev Consultoria Ltda"}]
[2025-11-10 15:44:08] Busca de empresas | Data: {"num_empresas":3,"error":""}
[2025-11-10 15:44:08] Verificação de tabelas | Data: {"gestao_usuarios":true,"gestao_empresas":true,"gestao_user_empresa":true}
[2025-11-10 15:44:20] Tentativa de login | Data: {"username":"novousuario","empresa_id":"26","password_length":8}
[2025-11-10 15:44:20] SQL preparado | Data: SELECT u.*, e.razao_social, e.cnpj, e.regime_tributario 
                    FROM gestao_usuarios u 
                    INNER JOIN gestao_user_empresa ue ON u.id = ue.user_id 
                    INNER JOIN gestao_empresas e ON ue.empresa_id = e.id 
                    WHERE u.username = ? AND u.ativo = 1 AND e.id = ?
[2025-11-10 15:44:20] Resultado da consulta | Data: {"num_rows":0,"error":""}
[2025-11-10 15:44:20] Usuário não encontrado. Verificando possíveis causas...
[2025-11-10 15:44:20] Usuário vinculado a outras empresas | Data: [{"user_id":1,"empresa_id":33,"principal":1,"created_at":"2025-11-10 15:39:53","razao_social":"JancoDev Consultoria Ltda"}]
[2025-11-10 15:44:20] Busca de empresas | Data: {"num_empresas":3,"error":""}
[2025-11-10 15:44:20] Verificação de tabelas | Data: {"gestao_usuarios":true,"gestao_empresas":true,"gestao_user_empresa":true}
[2025-11-10 15:46:29] Tentativa de login | Data: {"username":"novousuario","empresa_id":"33","password_length":8}
[2025-11-10 15:46:29] SQL preparado | Data: SELECT u.*, e.razao_social, e.cnpj, e.regime_tributario 
                    FROM gestao_usuarios u 
                    INNER JOIN gestao_user_empresa ue ON u.id = ue.user_id 
                    INNER JOIN gestao_empresas e ON ue.empresa_id = e.id 
                    WHERE u.username = ? AND u.ativo = 1 AND e.id = ?
[2025-11-10 15:46:29] Resultado da consulta | Data: {"num_rows":1,"error":""}
[2025-11-10 15:46:29] Usuário encontrado | Data: {"id":1,"username":"novousuario","nivel_acesso":"admin","password_hash":"$2y$10$92IXUNpkjO0rO..."}
[2025-11-10 15:46:29] Verificação de senha | Data: {"senha_correta":false,"password_provided":"admin123"}
[2025-11-10 15:46:29] Senha incorreta
[2025-11-10 15:46:29] Busca de empresas | Data: {"num_empresas":3,"error":""}
[2025-11-10 15:46:29] Verificação de tabelas | Data: {"gestao_usuarios":true,"gestao_empresas":true,"gestao_user_empresa":true}
[2025-11-10 15:46:46] Tentativa de login | Data: {"username":"novousuario","empresa_id":"26","password_length":8}
[2025-11-10 15:46:46] SQL preparado | Data: SELECT u.*, e.razao_social, e.cnpj, e.regime_tributario 
                    FROM gestao_usuarios u 
                    INNER JOIN gestao_user_empresa ue ON u.id = ue.user_id 
                    INNER JOIN gestao_empresas e ON ue.empresa_id = e.id 
                    WHERE u.username = ? AND u.ativo = 1 AND e.id = ?
[2025-11-10 15:46:46] Resultado da consulta | Data: {"num_rows":0,"error":""}
[2025-11-10 15:46:46] Usuário não encontrado. Verificando possíveis causas...
[2025-11-10 15:46:46] Usuário vinculado a outras empresas | Data: [{"user_id":1,"empresa_id":33,"principal":1,"created_at":"2025-11-10 15:39:53","razao_social":"JancoDev Consultoria Ltda"}]
[2025-11-10 15:46:46] Busca de empresas | Data: {"num_empresas":3,"error":""}
[2025-11-10 15:46:46] Verificação de tabelas | Data: {"gestao_usuarios":true,"gestao_empresas":true,"gestao_user_empresa":true}
[2025-11-10 15:51:19] Tentativa de login | Data: {"username":"novousuario","empresa_id":"26","password_length":8}
[2025-11-10 15:51:19] SQL preparado | Data: SELECT u.*, e.razao_social, e.cnpj, e.regime_tributario 
                    FROM gestao_usuarios u 
                    INNER JOIN gestao_user_empresa ue ON u.id = ue.user_id 
                    INNER JOIN gestao_empresas e ON ue.empresa_id = e.id 
                    WHERE u.username = ? AND u.ativo = 1 AND e.id = ?
[2025-11-10 15:51:19] Resultado da consulta | Data: {"num_rows":0,"error":""}
[2025-11-10 15:51:19] Usuário não encontrado. Verificando possíveis causas...
[2025-11-10 15:51:19] Usuário vinculado a outras empresas | Data: [{"user_id":1,"empresa_id":33,"principal":1,"created_at":"2025-11-10 15:39:53","razao_social":"Global Services Consultoria Ltda"}]
[2025-11-10 15:51:19] Busca de empresas | Data: {"num_empresas":3,"error":""}
[2025-11-10 15:51:19] Verificação de tabelas | Data: {"gestao_usuarios":true,"gestao_empresas":true,"gestao_user_empresa":true}
[2025-11-10 15:51:21] Tentativa de login | Data: {"username":"novousuario","empresa_id":"26","password_length":8}
[2025-11-10 15:51:21] SQL preparado | Data: SELECT u.*, e.razao_social, e.cnpj, e.regime_tributario 
                    FROM gestao_usuarios u 
                    INNER JOIN gestao_user_empresa ue ON u.id = ue.user_id 
                    INNER JOIN gestao_empresas e ON ue.empresa_id = e.id 
                    WHERE u.username = ? AND u.ativo = 1 AND e.id = ?
[2025-11-10 15:51:21] Resultado da consulta | Data: {"num_rows":0,"error":""}
[2025-11-10 15:51:21] Usuário não encontrado. Verificando possíveis causas...
[2025-11-10 15:51:21] Usuário vinculado a outras empresas | Data: [{"user_id":1,"empresa_id":33,"principal":1,"created_at":"2025-11-10 15:39:53","razao_social":"Global Services Consultoria Ltda"}]
[2025-11-10 15:51:21] Busca de empresas | Data: {"num_empresas":3,"error":""}
[2025-11-10 15:51:21] Verificação de tabelas | Data: {"gestao_usuarios":true,"gestao_empresas":true,"gestao_user_empresa":true}
[2025-11-10 15:52:17] Tentativa de login | Data: {"username":"admin","empresa_id":"22","password_length":8}
[2025-11-10 15:52:17] SQL preparado | Data: SELECT u.*, e.razao_social, e.cnpj, e.regime_tributario 
                    FROM gestao_usuarios u 
                    INNER JOIN gestao_user_empresa ue ON u.id = ue.user_id 
                    INNER JOIN gestao_empresas e ON ue.empresa_id = e.id 
                    WHERE u.username = ? AND u.ativo = 1 AND e.id = ?
[2025-11-10 15:52:17] Resultado da consulta | Data: {"num_rows":1,"error":""}
[2025-11-10 15:52:17] Usuário encontrado | Data: {"id":2,"username":"admin","nivel_acesso":"admin","password_hash":"$2y$10$92IXUNpkjO0rO..."}
[2025-11-10 15:52:17] Verificação de senha | Data: {"senha_correta":false,"password_provided":"admin123"}
[2025-11-10 15:52:17] Senha incorreta
[2025-11-10 15:52:17] Busca de empresas | Data: {"num_empresas":3,"error":""}
[2025-11-10 15:52:17] Verificação de tabelas | Data: {"gestao_usuarios":true,"gestao_empresas":true,"gestao_user_empresa":true}
[2025-11-10 15:55:00] Tentativa de login | Data: {"username":"admin","empresa_id":"22","password_length":8}
[2025-11-10 15:55:00] SQL preparado | Data: SELECT u.*, e.razao_social, e.cnpj, e.regime_tributario 
                    FROM gestao_usuarios u 
                    INNER JOIN gestao_user_empresa ue ON u.id = ue.user_id 
                    INNER JOIN gestao_empresas e ON ue.empresa_id = e.id 
                    WHERE u.username = ? AND u.ativo = 1 AND e.id = ?
[2025-11-10 15:55:00] Resultado da consulta | Data: {"num_rows":1,"error":""}
[2025-11-10 15:55:00] Usuário encontrado | Data: {"id":2,"username":"admin","nivel_acesso":"admin","password_hash":"admin123..."}
[2025-11-10 15:55:00] Verificação de senha | Data: {"senha_correta":false,"password_provided":"admin123"}
[2025-11-10 15:55:00] Senha incorreta
[2025-11-10 15:55:00] Busca de empresas | Data: {"num_empresas":3,"error":""}
[2025-11-10 15:55:00] Verificação de tabelas | Data: {"gestao_usuarios":true,"gestao_empresas":true,"gestao_user_empresa":true}
[2025-11-10 15:55:09] Tentativa de login | Data: {"username":"admin","empresa_id":"22","password_length":8}
[2025-11-10 15:55:09] SQL preparado | Data: SELECT u.*, e.razao_social, e.cnpj, e.regime_tributario 
                    FROM gestao_usuarios u 
                    INNER JOIN gestao_user_empresa ue ON u.id = ue.user_id 
                    INNER JOIN gestao_empresas e ON ue.empresa_id = e.id 
                    WHERE u.username = ? AND u.ativo = 1 AND e.id = ?
[2025-11-10 15:55:09] Resultado da consulta | Data: {"num_rows":1,"error":""}
[2025-11-10 15:55:09] Usuário encontrado | Data: {"id":2,"username":"admin","nivel_acesso":"admin","password_hash":"admin123..."}
[2025-11-10 15:55:09] Verificação de senha | Data: {"senha_correta":false,"password_provided":"admin123"}
[2025-11-10 15:55:09] Senha incorreta
[2025-11-10 15:55:09] Busca de empresas | Data: {"num_empresas":3,"error":""}
[2025-11-10 15:55:09] Verificação de tabelas | Data: {"gestao_usuarios":true,"gestao_empresas":true,"gestao_user_empresa":true}
[2025-11-10 15:58:29] Busca de empresas | Data: {"num_empresas":3,"error":""}
[2025-11-10 15:58:29] Verificação de tabelas | Data: {"gestao_usuarios":true,"gestao_empresas":true,"gestao_user_empresa":true}
[2025-11-10 15:58:50] Tentativa de login | Data: {"username":"admin","empresa_id":"22","password_length":5}
[2025-11-10 15:58:50] SQL preparado | Data: SELECT u.*, e.razao_social, e.cnpj, e.regime_tributario 
                    FROM gestao_usuarios u 
                    INNER JOIN gestao_user_empresa ue ON u.id = ue.user_id 
                    INNER JOIN gestao_empresas e ON ue.empresa_id = e.id 
                    WHERE u.username = ? AND u.ativo = 1 AND e.id = ?
[2025-11-10 15:58:50] Resultado da consulta | Data: {"num_rows":1,"error":""}
[2025-11-10 15:58:50] Usuário encontrado | Data: {"id":2,"username":"admin","nivel_acesso":"admin","password_hash":"$2y$10$ebfduxMc.Z1rC..."}
[2025-11-10 15:58:50] Verificação de senha | Data: {"senha_correta":false,"password_provided":"admin"}
[2025-11-10 15:58:50] Senha incorreta
[2025-11-10 15:58:50] Busca de empresas | Data: {"num_empresas":3,"error":""}
[2025-11-10 15:58:50] Verificação de tabelas | Data: {"gestao_usuarios":true,"gestao_empresas":true,"gestao_user_empresa":true}
[2025-11-10 15:59:04] Tentativa de login | Data: {"username":"admin","empresa_id":"33","password_length":5}
[2025-11-10 15:59:04] SQL preparado | Data: SELECT u.*, e.razao_social, e.cnpj, e.regime_tributario 
                    FROM gestao_usuarios u 
                    INNER JOIN gestao_user_empresa ue ON u.id = ue.user_id 
                    INNER JOIN gestao_empresas e ON ue.empresa_id = e.id 
                    WHERE u.username = ? AND u.ativo = 1 AND e.id = ?
[2025-11-10 15:59:04] Resultado da consulta | Data: {"num_rows":0,"error":""}
[2025-11-10 15:59:04] Usuário não encontrado. Verificando possíveis causas...
[2025-11-10 15:59:04] Usuário vinculado a outras empresas | Data: [{"user_id":2,"empresa_id":22,"principal":1,"created_at":"2025-11-10 15:36:42","razao_social":"Janco Assessoria Cont\u00e1bil Ltda"}]
[2025-11-10 15:59:04] Busca de empresas | Data: {"num_empresas":3,"error":""}
[2025-11-10 15:59:04] Verificação de tabelas | Data: {"gestao_usuarios":true,"gestao_empresas":true,"gestao_user_empresa":true}
[2025-11-10 15:59:19] Tentativa de login | Data: {"username":"admin","empresa_id":"22","password_length":8}
[2025-11-10 15:59:19] SQL preparado | Data: SELECT u.*, e.razao_social, e.cnpj, e.regime_tributario 
                    FROM gestao_usuarios u 
                    INNER JOIN gestao_user_empresa ue ON u.id = ue.user_id 
                    INNER JOIN gestao_empresas e ON ue.empresa_id = e.id 
                    WHERE u.username = ? AND u.ativo = 1 AND e.id = ?
[2025-11-10 15:59:19] Resultado da consulta | Data: {"num_rows":1,"error":""}
[2025-11-10 15:59:19] Usuário encontrado | Data: {"id":2,"username":"admin","nivel_acesso":"admin","password_hash":"$2y$10$ebfduxMc.Z1rC..."}
[2025-11-10 15:59:19] Verificação de senha | Data: {"senha_correta":true,"password_provided":"admin123"}
[2025-11-10 15:59:19] Login bem-sucedido | Data: {"user_id":2,"empresa_id":"22"}
[2025-11-10 16:00:33] Busca de empresas | Data: {"num_empresas":3,"error":""}
[2025-11-10 16:00:33] Verificação de tabelas | Data: {"gestao_usuarios":true,"gestao_empresas":true,"gestao_user_empresa":true}
[2025-11-10 16:00:43] Tentativa de login | Data: {"username":"admin","empresa_id":"22","password_length":8}
[2025-11-10 16:00:43] SQL preparado | Data: SELECT u.*, e.razao_social, e.cnpj, e.regime_tributario 
                    FROM gestao_usuarios u 
                    INNER JOIN gestao_user_empresa ue ON u.id = ue.user_id 
                    INNER JOIN gestao_empresas e ON ue.empresa_id = e.id 
                    WHERE u.username = ? AND u.ativo = 1 AND e.id = ?
[2025-11-10 16:00:43] Resultado da consulta | Data: {"num_rows":1,"error":""}
[2025-11-10 16:00:43] Usuário encontrado | Data: {"id":2,"username":"admin","nivel_acesso":"admin","password_hash":"$2y$10$ebfduxMc.Z1rC..."}
[2025-11-10 16:00:43] Verificação de senha | Data: {"senha_correta":true,"password_provided":"admin123"}
[2025-11-10 16:00:43] Login bem-sucedido | Data: {"user_id":2,"empresa_id":"22"}
[2025-11-10 16:26:38] Busca de empresas | Data: {"num_empresas":3,"error":""}
[2025-11-10 16:26:38] Verificação de tabelas | Data: {"gestao_usuarios":true,"gestao_empresas":true,"gestao_user_empresa":true}
[2025-11-10 16:26:48] Tentativa de login | Data: {"username":"admin","empresa_id":"22","password_length":8}
[2025-11-10 16:26:48] SQL preparado | Data: SELECT u.*, e.razao_social, e.cnpj, e.regime_tributario 
                    FROM gestao_usuarios u 
                    INNER JOIN gestao_user_empresa ue ON u.id = ue.user_id 
                    INNER JOIN gestao_empresas e ON ue.empresa_id = e.id 
                    WHERE u.username = ? AND u.ativo = 1 AND e.id = ?
[2025-11-10 16:26:48] Resultado da consulta | Data: {"num_rows":1,"error":""}
[2025-11-10 16:26:48] Usuário encontrado | Data: {"id":2,"username":"admin","nivel_acesso":"admin","password_hash":"$2y$10$ebfduxMc.Z1rC..."}
[2025-11-10 16:26:48] Verificação de senha | Data: {"senha_correta":true,"password_provided":"admin123"}
[2025-11-10 16:26:48] Login bem-sucedido | Data: {"user_id":2,"empresa_id":"22"}
[2025-11-13 19:16:56] Busca de empresas | Data: {"num_empresas":3,"error":""}
[2025-11-13 19:16:56] Verificação de tabelas | Data: {"gestao_usuarios":true,"gestao_empresas":true,"gestao_user_empresa":true}
[2025-11-13 19:17:13] Tentativa de login | Data: {"username":"admin","empresa_id":"22","password_length":8}
[2025-11-13 19:17:13] SQL preparado | Data: SELECT u.*, e.razao_social, e.cnpj, e.regime_tributario 
                    FROM gestao_usuarios u 
                    INNER JOIN gestao_user_empresa ue ON u.id = ue.user_id 
                    INNER JOIN gestao_empresas e ON ue.empresa_id = e.id 
                    WHERE u.username = ? AND u.ativo = 1 AND e.id = ?
[2025-11-13 19:17:13] Resultado da consulta | Data: {"num_rows":1,"error":""}
[2025-11-13 19:17:13] Usuário encontrado | Data: {"id":2,"username":"admin","nivel_acesso":"admin","password_hash":"$2y$10$RsWzaTfWeGFFo..."}
[2025-11-13 19:17:13] Verificação de senha | Data: {"senha_correta":true,"password_provided":"admin123"}
[2025-11-13 19:17:13] Login bem-sucedido | Data: {"user_id":2,"empresa_id":"22"}
[2025-11-13 20:20:26] Busca de empresas | Data: {"num_empresas":3,"error":""}
[2025-11-13 20:20:26] Verificação de tabelas | Data: {"gestao_usuarios":true,"gestao_empresas":true,"gestao_user_empresa":true}
[2025-11-13 20:22:06] Busca de empresas | Data: {"num_empresas":3,"error":""}
[2025-11-13 20:22:06] Verificação de tabelas | Data: {"gestao_usuarios":true,"gestao_empresas":true,"gestao_user_empresa":true}
[2025-11-13 21:03:09] Busca de empresas | Data: {"num_empresas":3,"error":""}
[2025-11-13 21:03:09] Verificação de tabelas | Data: {"gestao_usuarios":true,"gestao_empresas":true,"gestao_user_empresa":true}
[2025-11-13 21:04:40] Busca de empresas | Data: {"num_empresas":3,"error":""}
[2025-11-13 21:04:40] Verificação de tabelas | Data: {"gestao_usuarios":true,"gestao_empresas":true,"gestao_user_empresa":true}
[2025-11-13 21:04:57] Tentativa de login | Data: {"username":"admin","empresa_id":"22","password_length":8}
[2025-11-13 21:04:57] SQL preparado | Data: SELECT u.*, e.razao_social, e.cnpj, e.regime_tributario 
                    FROM gestao_usuarios u 
                    INNER JOIN gestao_user_empresa ue ON u.id = ue.user_id 
                    INNER JOIN gestao_empresas e ON ue.empresa_id = e.id 
                    WHERE u.username = ? AND u.ativo = 1 AND e.id = ?
[2025-11-13 21:04:57] Resultado da consulta | Data: {"num_rows":1,"error":""}
[2025-11-13 21:04:57] Usuário encontrado | Data: {"id":2,"username":"admin","nivel_acesso":"admin","password_hash":"$2y$10$RsWzaTfWeGFFo..."}
[2025-11-13 21:04:57] Verificação de senha | Data: {"senha_correta":true,"password_provided":"admin123"}
[2025-11-13 21:04:57] Login bem-sucedido | Data: {"user_id":2,"empresa_id":"22"}
[2025-11-13 21:21:35] Busca de empresas | Data: {"num_empresas":3,"error":""}
[2025-11-13 21:21:35] Verificação de tabelas | Data: {"gestao_usuarios":true,"gestao_empresas":true,"gestao_user_empresa":true}
[2025-11-13 21:21:38] Busca de empresas | Data: {"num_empresas":3,"error":""}
[2025-11-13 21:21:38] Verificação de tabelas | Data: {"gestao_usuarios":true,"gestao_empresas":true,"gestao_user_empresa":true}
[2025-11-13 21:21:51] Tentativa de login | Data: {"username":"admin","empresa_id":"22","password_length":8}
[2025-11-13 21:21:51] SQL preparado | Data: SELECT u.*, e.razao_social, e.cnpj, e.regime_tributario 
                    FROM gestao_usuarios u 
                    INNER JOIN gestao_user_empresa ue ON u.id = ue.user_id 
                    INNER JOIN gestao_empresas e ON ue.empresa_id = e.id 
                    WHERE u.username = ? AND u.ativo = 1 AND e.id = ?
[2025-11-13 21:21:51] Resultado da consulta | Data: {"num_rows":1,"error":""}
[2025-11-13 21:21:51] Usuário encontrado | Data: {"id":2,"username":"admin","nivel_acesso":"admin","password_hash":"$2y$10$RsWzaTfWeGFFo..."}
[2025-11-13 21:21:51] Verificação de senha | Data: {"senha_correta":true,"password_provided":"admin123"}
[2025-11-13 21:21:51] Login bem-sucedido | Data: {"user_id":2,"empresa_id":"22"}
[2025-11-14 14:56:43] Busca de empresas | Data: {"num_empresas":3,"error":""}
[2025-11-14 14:56:43] Verificação de tabelas | Data: {"gestao_usuarios":true,"gestao_empresas":true,"gestao_user_empresa":true}
[2025-11-14 14:56:55] Tentativa de login | Data: {"username":"admin","empresa_id":"22","password_length":8}
[2025-11-14 14:56:55] SQL preparado | Data: SELECT u.*, e.razao_social, e.cnpj, e.regime_tributario 
                    FROM gestao_usuarios u 
                    INNER JOIN gestao_user_empresa ue ON u.id = ue.user_id 
                    INNER JOIN gestao_empresas e ON ue.empresa_id = e.id 
                    WHERE u.username = ? AND u.ativo = 1 AND e.id = ?
[2025-11-14 14:56:55] Resultado da consulta | Data: {"num_rows":1,"error":""}
[2025-11-14 14:56:55] Usuário encontrado | Data: {"id":2,"username":"admin","nivel_acesso":"admin","password_hash":"$2y$10$RsWzaTfWeGFFo..."}
[2025-11-14 14:56:55] Verificação de senha | Data: {"senha_correta":true,"password_provided":"admin123"}
[2025-11-14 14:56:55] Login bem-sucedido | Data: {"user_id":2,"empresa_id":"22"}
[2025-11-14 18:06:15] Busca de empresas | Data: {"num_empresas":3,"error":""}
[2025-11-14 18:06:15] Verificação de tabelas | Data: {"gestao_usuarios":true,"gestao_empresas":true,"gestao_user_empresa":true}
[2025-11-14 18:06:22] Tentativa de login | Data: {"username":"admin","empresa_id":"22","password_length":8}
[2025-11-14 18:06:22] SQL preparado | Data: SELECT u.*, e.razao_social, e.cnpj, e.regime_tributario 
                    FROM gestao_usuarios u 
                    INNER JOIN gestao_user_empresa ue ON u.id = ue.user_id 
                    INNER JOIN gestao_empresas e ON ue.empresa_id = e.id 
                    WHERE u.username = ? AND u.ativo = 1 AND e.id = ?
[2025-11-14 18:06:22] Resultado da consulta | Data: {"num_rows":1,"error":""}
[2025-11-14 18:06:22] Usuário encontrado | Data: {"id":2,"username":"admin","nivel_acesso":"admin","password_hash":"$2y$10$RsWzaTfWeGFFo..."}
[2025-11-14 18:06:22] Verificação de senha | Data: {"senha_correta":true,"password_provided":"admin123"}
[2025-11-14 18:06:22] Login bem-sucedido | Data: {"user_id":2,"empresa_id":"22"}
[2025-11-19 18:13:56] Busca de empresas | Data: {"num_empresas":3,"error":""}
[2025-11-19 18:13:56] Verificação de tabelas | Data: {"gestao_usuarios":true,"gestao_empresas":true,"gestao_user_empresa":true}
[2025-11-19 18:14:06] Tentativa de login | Data: {"username":"admin","empresa_id":"22","password_length":8}
[2025-11-19 18:14:06] SQL preparado | Data: SELECT u.*, e.razao_social, e.cnpj, e.regime_tributario 
                    FROM gestao_usuarios u 
                    INNER JOIN gestao_user_empresa ue ON u.id = ue.user_id 
                    INNER JOIN gestao_empresas e ON ue.empresa_id = e.id 
                    WHERE u.username = ? AND u.ativo = 1 AND e.id = ?
[2025-11-19 18:14:07] Resultado da consulta | Data: {"num_rows":1,"error":""}
[2025-11-19 18:14:07] Usuário encontrado | Data: {"id":2,"username":"admin","nivel_acesso":"admin","password_hash":"$2y$10$RsWzaTfWeGFFo..."}
[2025-11-19 18:14:07] Verificação de senha | Data: {"senha_correta":true,"password_provided":"admin123"}
[2025-11-19 18:14:07] Login bem-sucedido | Data: {"user_id":2,"empresa_id":"22"}
[2025-11-19 21:40:12] Busca de empresas | Data: {"num_empresas":3,"error":""}
[2025-11-19 21:40:12] Verificação de tabelas | Data: {"gestao_usuarios":true,"gestao_empresas":true,"gestao_user_empresa":true}
[2025-11-19 21:40:20] Tentativa de login | Data: {"username":"Weslley","empresa_id":"22","password_length":4}
[2025-11-19 21:40:20] SQL preparado | Data: SELECT u.*, e.razao_social, e.cnpj, e.regime_tributario 
                    FROM gestao_usuarios u 
                    INNER JOIN gestao_user_empresa ue ON u.id = ue.user_id 
                    INNER JOIN gestao_empresas e ON ue.empresa_id = e.id 
                    WHERE u.username = ? AND u.ativo = 1 AND e.id = ?
[2025-11-19 21:40:20] Resultado da consulta | Data: {"num_rows":1,"error":""}
[2025-11-19 21:40:20] Usuário encontrado | Data: {"id":20,"username":"Weslley","nivel_acesso":"auxiliar","password_hash":"$2y$10$RsWzaTfWeGFFo..."}
[2025-11-19 21:40:20] Verificação de senha | Data: {"senha_correta":false,"password_provided":"4002"}
[2025-11-19 21:40:20] Senha incorreta
[2025-11-19 21:40:20] Busca de empresas | Data: {"num_empresas":3,"error":""}
[2025-11-19 21:40:20] Verificação de tabelas | Data: {"gestao_usuarios":true,"gestao_empresas":true,"gestao_user_empresa":true}
[2025-11-19 21:40:27] Tentativa de login | Data: {"username":"Weslley","empresa_id":"22","password_length":4}
[2025-11-19 21:40:27] SQL preparado | Data: SELECT u.*, e.razao_social, e.cnpj, e.regime_tributario 
                    FROM gestao_usuarios u 
                    INNER JOIN gestao_user_empresa ue ON u.id = ue.user_id 
                    INNER JOIN gestao_empresas e ON ue.empresa_id = e.id 
                    WHERE u.username = ? AND u.ativo = 1 AND e.id = ?
[2025-11-19 21:40:27] Resultado da consulta | Data: {"num_rows":1,"error":""}
[2025-11-19 21:40:27] Usuário encontrado | Data: {"id":20,"username":"Weslley","nivel_acesso":"auxiliar","password_hash":"$2y$10$RsWzaTfWeGFFo..."}
[2025-11-19 21:40:27] Verificação de senha | Data: {"senha_correta":false,"password_provided":"4002"}
[2025-11-19 21:40:27] Senha incorreta
[2025-11-19 21:40:27] Busca de empresas | Data: {"num_empresas":3,"error":""}
[2025-11-19 21:40:27] Verificação de tabelas | Data: {"gestao_usuarios":true,"gestao_empresas":true,"gestao_user_empresa":true}
[2025-11-19 21:40:33] Tentativa de login | Data: {"username":"Weslley","empresa_id":"22","password_length":4}
[2025-11-19 21:40:33] SQL preparado | Data: SELECT u.*, e.razao_social, e.cnpj, e.regime_tributario 
                    FROM gestao_usuarios u 
                    INNER JOIN gestao_user_empresa ue ON u.id = ue.user_id 
                    INNER JOIN gestao_empresas e ON ue.empresa_id = e.id 
                    WHERE u.username = ? AND u.ativo = 1 AND e.id = ?
[2025-11-19 21:40:33] Resultado da consulta | Data: {"num_rows":1,"error":""}
[2025-11-19 21:40:33] Usuário encontrado | Data: {"id":20,"username":"Weslley","nivel_acesso":"auxiliar","password_hash":"$2y$10$RsWzaTfWeGFFo..."}
[2025-11-19 21:40:33] Verificação de senha | Data: {"senha_correta":false,"password_provided":"1234"}
[2025-11-19 21:40:33] Senha incorreta
[2025-11-19 21:40:33] Busca de empresas | Data: {"num_empresas":3,"error":""}
[2025-11-19 21:40:33] Verificação de tabelas | Data: {"gestao_usuarios":true,"gestao_empresas":true,"gestao_user_empresa":true}
[2025-11-19 21:40:37] Tentativa de login | Data: {"username":"Weslley","empresa_id":"22","password_length":6}
[2025-11-19 21:40:37] SQL preparado | Data: SELECT u.*, e.razao_social, e.cnpj, e.regime_tributario 
                    FROM gestao_usuarios u 
                    INNER JOIN gestao_user_empresa ue ON u.id = ue.user_id 
                    INNER JOIN gestao_empresas e ON ue.empresa_id = e.id 
                    WHERE u.username = ? AND u.ativo = 1 AND e.id = ?
[2025-11-19 21:40:37] Resultado da consulta | Data: {"num_rows":1,"error":""}
[2025-11-19 21:40:37] Usuário encontrado | Data: {"id":20,"username":"Weslley","nivel_acesso":"auxiliar","password_hash":"$2y$10$RsWzaTfWeGFFo..."}
[2025-11-19 21:40:38] Verificação de senha | Data: {"senha_correta":false,"password_provided":"123456"}
[2025-11-19 21:40:38] Senha incorreta
[2025-11-19 21:40:38] Busca de empresas | Data: {"num_empresas":3,"error":""}
[2025-11-19 21:40:38] Verificação de tabelas | Data: {"gestao_usuarios":true,"gestao_empresas":true,"gestao_user_empresa":true}
[2025-11-19 21:40:46] Tentativa de login | Data: {"username":"admin","empresa_id":"22","password_length":8}
[2025-11-19 21:40:46] SQL preparado | Data: SELECT u.*, e.razao_social, e.cnpj, e.regime_tributario 
                    FROM gestao_usuarios u 
                    INNER JOIN gestao_user_empresa ue ON u.id = ue.user_id 
                    INNER JOIN gestao_empresas e ON ue.empresa_id = e.id 
                    WHERE u.username = ? AND u.ativo = 1 AND e.id = ?
[2025-11-19 21:40:46] Resultado da consulta | Data: {"num_rows":1,"error":""}
[2025-11-19 21:40:46] Usuário encontrado | Data: {"id":2,"username":"admin","nivel_acesso":"admin","password_hash":"$2y$10$RsWzaTfWeGFFo..."}
[2025-11-19 21:40:46] Verificação de senha | Data: {"senha_correta":true,"password_provided":"admin123"}
[2025-11-19 21:40:46] Login bem-sucedido | Data: {"user_id":2,"empresa_id":"22"}
[2025-11-19 21:41:16] Busca de empresas | Data: {"num_empresas":3,"error":""}
[2025-11-19 21:41:16] Verificação de tabelas | Data: {"gestao_usuarios":true,"gestao_empresas":true,"gestao_user_empresa":true}
[2025-11-19 21:41:23] Tentativa de login | Data: {"username":"Weslley","empresa_id":"22","password_length":4}
[2025-11-19 21:41:23] SQL preparado | Data: SELECT u.*, e.razao_social, e.cnpj, e.regime_tributario 
                    FROM gestao_usuarios u 
                    INNER JOIN gestao_user_empresa ue ON u.id = ue.user_id 
                    INNER JOIN gestao_empresas e ON ue.empresa_id = e.id 
                    WHERE u.username = ? AND u.ativo = 1 AND e.id = ?
[2025-11-19 21:41:23] Resultado da consulta | Data: {"num_rows":1,"error":""}
[2025-11-19 21:41:23] Usuário encontrado | Data: {"id":20,"username":"Weslley","nivel_acesso":"auxiliar","password_hash":"$2y$10$3liv86qzrBECj..."}
[2025-11-19 21:41:23] Verificação de senha | Data: {"senha_correta":true,"password_provided":"4002"}
[2025-11-19 21:41:23] Login bem-sucedido | Data: {"user_id":20,"empresa_id":"22"}
[2025-11-19 21:42:45] Busca de empresas | Data: {"num_empresas":3,"error":""}
[2025-11-19 21:42:45] Verificação de tabelas | Data: {"gestao_usuarios":true,"gestao_empresas":true,"gestao_user_empresa":true}
[2025-11-19 21:42:52] Tentativa de login | Data: {"username":"admin","empresa_id":"22","password_length":8}
[2025-11-19 21:42:52] SQL preparado | Data: SELECT u.*, e.razao_social, e.cnpj, e.regime_tributario 
                    FROM gestao_usuarios u 
                    INNER JOIN gestao_user_empresa ue ON u.id = ue.user_id 
                    INNER JOIN gestao_empresas e ON ue.empresa_id = e.id 
                    WHERE u.username = ? AND u.ativo = 1 AND e.id = ?
[2025-11-19 21:42:52] Resultado da consulta | Data: {"num_rows":1,"error":""}
[2025-11-19 21:42:52] Usuário encontrado | Data: {"id":2,"username":"admin","nivel_acesso":"admin","password_hash":"$2y$10$RsWzaTfWeGFFo..."}
[2025-11-19 21:42:52] Verificação de senha | Data: {"senha_correta":true,"password_provided":"admin123"}
[2025-11-19 21:42:52] Login bem-sucedido | Data: {"user_id":2,"empresa_id":"22"}
[2025-11-21 17:16:37] Busca de empresas | Data: {"num_empresas":3,"error":""}
[2025-11-21 17:16:37] Verificação de tabelas | Data: {"gestao_usuarios":true,"gestao_empresas":true,"gestao_user_empresa":true}
[2025-11-21 17:16:49] Tentativa de login | Data: {"username":"admin","empresa_id":"22","password_length":8}
[2025-11-21 17:16:49] SQL preparado | Data: SELECT u.*, e.razao_social, e.cnpj, e.regime_tributario 
                    FROM gestao_usuarios u 
                    INNER JOIN gestao_user_empresa ue ON u.id = ue.user_id 
                    INNER JOIN gestao_empresas e ON ue.empresa_id = e.id 
                    WHERE u.username = ? AND u.ativo = 1 AND e.id = ?
[2025-11-21 17:16:49] Resultado da consulta | Data: {"num_rows":1,"error":""}
[2025-11-21 17:16:49] Usuário encontrado | Data: {"id":2,"username":"admin","nivel_acesso":"admin","password_hash":"$2y$10$RsWzaTfWeGFFo..."}
[2025-11-21 17:16:49] Verificação de senha | Data: {"senha_correta":true,"password_provided":"admin123"}
[2025-11-21 17:16:49] Login bem-sucedido | Data: {"user_id":2,"empresa_id":"22"}
[2025-11-21 18:11:10] Busca de empresas | Data: {"num_empresas":3,"error":""}
[2025-11-21 18:11:10] Verificação de tabelas | Data: {"gestao_usuarios":true,"gestao_empresas":true,"gestao_user_empresa":true}
[2025-11-21 18:11:16] Tentativa de login | Data: {"username":"Weslley","empresa_id":"22","password_length":4}
[2025-11-21 18:11:16] SQL preparado | Data: SELECT u.*, e.razao_social, e.cnpj, e.regime_tributario 
                    FROM gestao_usuarios u 
                    INNER JOIN gestao_user_empresa ue ON u.id = ue.user_id 
                    INNER JOIN gestao_empresas e ON ue.empresa_id = e.id 
                    WHERE u.username = ? AND u.ativo = 1 AND e.id = ?
[2025-11-21 18:11:16] Resultado da consulta | Data: {"num_rows":1,"error":""}
[2025-11-21 18:11:16] Usuário encontrado | Data: {"id":20,"username":"Weslley","nivel_acesso":"auxiliar","password_hash":"$2y$10$3liv86qzrBECj..."}
[2025-11-21 18:11:16] Verificação de senha | Data: {"senha_correta":true,"password_provided":"4002"}
[2025-11-21 18:11:16] Login bem-sucedido | Data: {"user_id":20,"empresa_id":"22"}
[2025-11-21 18:12:18] Busca de empresas | Data: {"num_empresas":3,"error":""}
[2025-11-21 18:12:18] Verificação de tabelas | Data: {"gestao_usuarios":true,"gestao_empresas":true,"gestao_user_empresa":true}
[2025-11-21 18:12:24] Tentativa de login | Data: {"username":"admin","empresa_id":"22","password_length":8}
[2025-11-21 18:12:24] SQL preparado | Data: SELECT u.*, e.razao_social, e.cnpj, e.regime_tributario 
                    FROM gestao_usuarios u 
                    INNER JOIN gestao_user_empresa ue ON u.id = ue.user_id 
                    INNER JOIN gestao_empresas e ON ue.empresa_id = e.id 
                    WHERE u.username = ? AND u.ativo = 1 AND e.id = ?
[2025-11-21 18:12:24] Resultado da consulta | Data: {"num_rows":1,"error":""}
[2025-11-21 18:12:24] Usuário encontrado | Data: {"id":2,"username":"admin","nivel_acesso":"admin","password_hash":"$2y$10$RsWzaTfWeGFFo..."}
[2025-11-21 18:12:24] Verificação de senha | Data: {"senha_correta":true,"password_provided":"admin123"}
[2025-11-21 18:12:24] Login bem-sucedido | Data: {"user_id":2,"empresa_id":"22"}
[2025-11-21 18:18:56] Busca de empresas | Data: {"num_empresas":3,"error":""}
[2025-11-21 18:18:56] Verificação de tabelas | Data: {"gestao_usuarios":true,"gestao_empresas":true,"gestao_user_empresa":true}
[2025-11-21 18:19:58] Tentativa de login | Data: {"username":"averton","empresa_id":"22","password_length":6}
[2025-11-21 18:19:58] SQL preparado | Data: SELECT u.*, e.razao_social, e.cnpj, e.regime_tributario 
                    FROM gestao_usuarios u 
                    INNER JOIN gestao_user_empresa ue ON u.id = ue.user_id 
                    INNER JOIN gestao_empresas e ON ue.empresa_id = e.id 
                    WHERE u.username = ? AND u.ativo = 1 AND e.id = ?
[2025-11-21 18:19:58] Resultado da consulta | Data: {"num_rows":1,"error":""}
[2025-11-21 18:19:58] Usuário encontrado | Data: {"id":21,"username":"Averton","nivel_acesso":"analista","password_hash":"$2y$10$1B3\/FP7qe6Kak..."}
[2025-11-21 18:19:58] Verificação de senha | Data: {"senha_correta":false,"password_provided":"123456"}
[2025-11-21 18:19:58] Senha incorreta
[2025-11-21 18:19:58] Busca de empresas | Data: {"num_empresas":3,"error":""}
[2025-11-21 18:19:58] Verificação de tabelas | Data: {"gestao_usuarios":true,"gestao_empresas":true,"gestao_user_empresa":true}
[2025-11-21 18:20:02] Tentativa de login | Data: {"username":"averton","empresa_id":"22","password_length":4}
[2025-11-21 18:20:02] SQL preparado | Data: SELECT u.*, e.razao_social, e.cnpj, e.regime_tributario 
                    FROM gestao_usuarios u 
                    INNER JOIN gestao_user_empresa ue ON u.id = ue.user_id 
                    INNER JOIN gestao_empresas e ON ue.empresa_id = e.id 
                    WHERE u.username = ? AND u.ativo = 1 AND e.id = ?
[2025-11-21 18:20:02] Resultado da consulta | Data: {"num_rows":1,"error":""}
[2025-11-21 18:20:02] Usuário encontrado | Data: {"id":21,"username":"Averton","nivel_acesso":"analista","password_hash":"$2y$10$1B3\/FP7qe6Kak..."}
[2025-11-21 18:20:02] Verificação de senha | Data: {"senha_correta":true,"password_provided":"1234"}
[2025-11-21 18:20:02] Login bem-sucedido | Data: {"user_id":21,"empresa_id":"22"}
[2025-11-21 18:48:53] Busca de empresas | Data: {"num_empresas":3,"error":""}
[2025-11-21 18:48:53] Verificação de tabelas | Data: {"gestao_usuarios":true,"gestao_empresas":true,"gestao_user_empresa":true}
[2025-11-21 18:49:40] Tentativa de login | Data: {"username":"admin","empresa_id":"22","password_length":8}
[2025-11-21 18:49:40] SQL preparado | Data: SELECT u.*, e.razao_social, e.cnpj, e.regime_tributario 
                    FROM gestao_usuarios u 
                    INNER JOIN gestao_user_empresa ue ON u.id = ue.user_id 
                    INNER JOIN gestao_empresas e ON ue.empresa_id = e.id 
                    WHERE u.username = ? AND u.ativo = 1 AND e.id = ?
[2025-11-21 18:49:40] Resultado da consulta | Data: {"num_rows":1,"error":""}
[2025-11-21 18:49:40] Usuário encontrado | Data: {"id":2,"username":"admin","nivel_acesso":"admin","password_hash":"$2y$10$RsWzaTfWeGFFo..."}
[2025-11-21 18:49:40] Verificação de senha | Data: {"senha_correta":true,"password_provided":"admin123"}
[2025-11-21 18:49:40] Login bem-sucedido | Data: {"user_id":2,"empresa_id":"22"}
[2025-11-24 18:04:08] Busca de empresas | Data: {"num_empresas":3,"error":""}
[2025-11-24 18:04:09] Verificação de tabelas | Data: {"gestao_usuarios":true,"gestao_empresas":true,"gestao_user_empresa":true}
[2025-11-25 18:16:40] Busca de empresas | Data: {"num_empresas":3,"error":""}
[2025-11-25 18:16:40] Verificação de tabelas | Data: {"gestao_usuarios":true,"gestao_empresas":true,"gestao_user_empresa":true}
[2025-11-25 18:16:50] Tentativa de login | Data: {"username":"admin","empresa_id":"22","password_length":8}
[2025-11-25 18:16:50] SQL preparado | Data: SELECT u.*, e.razao_social, e.cnpj, e.regime_tributario 
                    FROM gestao_usuarios u 
                    INNER JOIN gestao_user_empresa ue ON u.id = ue.user_id 
                    INNER JOIN gestao_empresas e ON ue.empresa_id = e.id 
                    WHERE u.username = ? AND u.ativo = 1 AND e.id = ?
[2025-11-25 18:16:50] Resultado da consulta | Data: {"num_rows":1,"error":""}
[2025-11-25 18:16:51] Usuário encontrado | Data: {"id":2,"username":"admin","nivel_acesso":"admin","password_hash":"$2y$10$RsWzaTfWeGFFo..."}
[2025-11-25 18:16:51] Verificação de senha | Data: {"senha_correta":true,"password_provided":"admin123"}
[2025-11-25 18:16:51] Login bem-sucedido | Data: {"user_id":2,"empresa_id":"22"}
[2025-11-25 19:14:38] Busca de empresas | Data: {"num_empresas":3,"error":""}
[2025-11-25 19:14:38] Verificação de tabelas | Data: {"gestao_usuarios":true,"gestao_empresas":true,"gestao_user_empresa":true}
[2025-11-25 20:02:20] Busca de empresas | Data: {"num_empresas":3,"error":""}
[2025-11-25 20:02:20] Verificação de tabelas | Data: {"gestao_usuarios":true,"gestao_empresas":true,"gestao_user_empresa":true}
